# JRE version: Java(TM) SE Runtime Environment (8.0_131-b11) (build 1.8.0_131-b11)
# Java VM: Java HotSpot(TM) 64-Bit Server VM (25.131-b11 mixed mode linux-amd64 compressed oops)
Heap:
 PSYoungGen      total 124928K, used 8529K [0x00000000ebf00000, 0x00000000f7100000, 0x0000000100000000)
  eden space 112128K, 0% used [0x00000000ebf00000,0x00000000ebf00000,0x00000000f2c80000)
  from space 12800K, 66% used [0x00000000f4780000,0x00000000f4fd4730,0x00000000f5400000)
  to   space 27648K, 0% used [0x00000000f2c80000,0x00000000f2c80000,0x00000000f4780000)
 ParOldGen       total 50688K, used 50212K [0x00000000c3c00000, 0x00000000c6d80000, 0x00000000ebf00000)
  object space 50688K, 99% used [0x00000000c3c00000,0x00000000c6d09028,0x00000000c6d80000)
 Metaspace       used 14028K, capacity 14254K, committed 14464K, reserved 1062912K
  class space    used 1481K, capacity 1569K, committed 1664K, reserved 1048576K
GC Heap History (10 events):
Event: 36.831 GC heap after
Heap after GC invocations=4 (full 0):
 PSYoungGen      total 34304K, used 2560K [0x00000000ebf00000, 0x00000000ee300000, 0x0000000100000000)
  eden space 31744K, 0% used [0x00000000ebf00000,0x00000000ebf00000,0x00000000ede00000)
  from space 2560K, 100% used [0x00000000ee080000,0x00000000ee300000,0x00000000ee300000)
  to   space 2560K, 0% used [0x00000000ede00000,0x00000000ede00000,0x00000000ee080000)
 ParOldGen       total 42496K, used 10788K [0x00000000c3c00000, 0x00000000c6580000, 0x00000000ebf00000)
  object space 42496K, 25% used [0x00000000c3c00000,0x00000000c46892e8,0x00000000c6580000)
 Metaspace       used 13561K, capacity 13786K, committed 14208K, reserved 1062912K
  class space    used 1465K, capacity 1543K, committed 1664K, reserved 1048576K
}
Event: 185.880 GC heap before
{Heap before GC invocations=5 (full 0):
 PSYoungGen      total 34304K, used 34304K [0x00000000ebf00000, 0x00000000ee300000, 0x0000000100000000)
  eden space 31744K, 100% used [0x00000000ebf00000,0x00000000ede00000,0x00000000ede00000)
  from space 2560K, 100% used [0x00000000ee080000,0x00000000ee300000,0x00000000ee300000)
  to   space 2560K, 0% used [0x00000000ede00000,0x00000000ede00000,0x00000000ee080000)
 ParOldGen       total 42496K, used 10788K [0x00000000c3c00000, 0x00000000c6580000, 0x00000000ebf00000)
  object space 42496K, 25% used [0x00000000c3c00000,0x00000000c46892e8,0x00000000c6580000)
 Metaspace       used 13822K, capacity 14042K, committed 14464K, reserved 1062912K
  class space    used 1465K, capacity 1543K, committed 1664K, reserved 1048576K
Event: 185.899 GC heap after
Heap after GC invocations=5 (full 0):
 PSYoungGen      total 34304K, used 2560K [0x00000000ebf00000, 0x00000000f1500000, 0x0000000100000000)
  eden space 31744K, 0% used [0x00000000ebf00000,0x00000000ebf00000,0x00000000ede00000)
  from space 2560K, 100% used [0x00000000ede00000,0x00000000ee080000,0x00000000ee080000)
  to   space 12288K, 0% used [0x00000000f0900000,0x00000000f0900000,0x00000000f1500000)
 ParOldGen       total 42496K, used 20045K [0x00000000c3c00000, 0x00000000c6580000, 0x00000000ebf00000)
  object space 42496K, 47% used [0x00000000c3c00000,0x00000000c4f93708,0x00000000c6580000)
 Metaspace       used 13822K, capacity 14042K, committed 14464K, reserved 1062912K
  class space    used 1465K, capacity 1543K, committed 1664K, reserved 1048576K
}
Event: 472.094 GC heap before
{Heap before GC invocations=6 (full 0):
 PSYoungGen      total 34304K, used 34304K [0x00000000ebf00000, 0x00000000f1500000, 0x0000000100000000)
  eden space 31744K, 100% used [0x00000000ebf00000,0x00000000ede00000,0x00000000ede00000)
  from space 2560K, 100% used [0x00000000ede00000,0x00000000ee080000,0x00000000ee080000)
  to   space 12288K, 0% used [0x00000000f0900000,0x00000000f0900000,0x00000000f1500000)
 ParOldGen       total 42496K, used 20045K [0x00000000c3c00000, 0x00000000c6580000, 0x00000000ebf00000)
  object space 42496K, 47% used [0x00000000c3c00000,0x00000000c4f93708,0x00000000c6580000)
 Metaspace       used 13903K, capacity 14106K, committed 14464K, reserved 1062912K
  class space    used 1465K, capacity 1543K, committed 1664K, reserved 1048576K
Event: 472.138 GC heap after
Heap after GC invocations=6 (full 0):
 PSYoungGen      total 74752K, used 4576K [0x00000000ebf00000, 0x00000000f1400000, 0x0000000100000000)
  eden space 63488K, 0% used [0x00000000ebf00000,0x00000000ebf00000,0x00000000efd00000)
  from space 11264K, 40% used [0x00000000f0900000,0x00000000f0d78010,0x00000000f1400000)
  to   space 11776K, 0% used [0x00000000efd00000,0x00000000efd00000,0x00000000f0880000)
 ParOldGen       total 42496K, used 20045K [0x00000000c3c00000, 0x00000000c6580000, 0x00000000ebf00000)
  object space 42496K, 47% used [0x00000000c3c00000,0x00000000c4f93708,0x00000000c6580000)
 Metaspace       used 13903K, capacity 14106K, committed 14464K, reserved 1062912K
  class space    used 1465K, capacity 1543K, committed 1664K, reserved 1048576K
}
Event: 3744.936 GC heap before
{Heap before GC invocations=7 (full 0):
 PSYoungGen      total 74752K, used 68064K [0x00000000ebf00000, 0x00000000f1400000, 0x0000000100000000)
  eden space 63488K, 100% used [0x00000000ebf00000,0x00000000efd00000,0x00000000efd00000)
  from space 11264K, 40% used [0x00000000f0900000,0x00000000f0d78010,0x00000000f1400000)
  to   space 11776K, 0% used [0x00000000efd00000,0x00000000efd00000,0x00000000f0880000)
 ParOldGen       total 42496K, used 20045K [0x00000000c3c00000, 0x00000000c6580000, 0x00000000ebf00000)
  object space 42496K, 47% used [0x00000000c3c00000,0x00000000c4f93708,0x00000000c6580000)
 Metaspace       used 14035K, capacity 14266K, committed 14464K, reserved 1062912K
  class space    used 1484K, capacity 1575K, committed 1664K, reserved 1048576K
Event: 3751.654 GC heap after
Heap after GC invocations=7 (full 0):
 PSYoungGen      total 75264K, used 9824K [0x00000000ebf00000, 0x00000000f5400000, 0x0000000100000000)
  eden space 63488K, 0% used [0x00000000ebf00000,0x00000000ebf00000,0x00000000efd00000)
  from space 11776K, 83% used [0x00000000efd00000,0x00000000f0698020,0x00000000f0880000)
  to   space 12800K, 0% used [0x00000000f4780000,0x00000000f4780000,0x00000000f5400000)
 ParOldGen       total 42496K, used 21223K [0x00000000c3c00000, 0x00000000c6580000, 0x00000000ebf00000)
  object space 42496K, 49% used [0x00000000c3c00000,0x00000000c50b9dd8,0x00000000c6580000)
 Metaspace       used 14035K, capacity 14266K, committed 14464K, reserved 1062912K
  class space    used 1484K, capacity 1575K, committed 1664K, reserved 1048576K
}
Event: 3915.318 GC heap before
{Heap before GC invocations=8 (full 0):
 PSYoungGen      total 75264K, used 73312K [0x00000000ebf00000, 0x00000000f5400000, 0x0000000100000000)
  eden space 63488K, 100% used [0x00000000ebf00000,0x00000000efd00000,0x00000000efd00000)
  from space 11776K, 83% used [0x00000000efd00000,0x00000000f0698020,0x00000000f0880000)
  to   space 12800K, 0% used [0x00000000f4780000,0x00000000f4780000,0x00000000f5400000)
 ParOldGen       total 42496K, used 21223K [0x00000000c3c00000, 0x00000000c6580000, 0x00000000ebf00000)
  object space 42496K, 49% used [0x00000000c3c00000,0x00000000c50b9dd8,0x00000000c6580000)
 Metaspace       used 14035K, capacity 14266K, committed 14464K, reserved 1062912K
  class space    used 1484K, capacity 1575K, committed 1664K, reserved 1048576K
Event: 3916.098 GC heap after
Heap after GC invocations=8 (full 0):
 PSYoungGen      total 124928K, used 12784K [0x00000000ebf00000, 0x00000000f7100000, 0x0000000100000000)
  eden space 112128K, 0% used [0x00000000ebf00000,0x00000000ebf00000,0x00000000f2c80000)
  from space 12800K, 99% used [0x00000000f4780000,0x00000000f53fc030,0x00000000f5400000)
  to   space 27648K, 0% used [0x00000000f2c80000,0x00000000f2c80000,0x00000000f4780000)
 ParOldGen       total 50688K, used 50199K [0x00000000c3c00000, 0x00000000c6d80000, 0x00000000ebf00000)
  object space 50688K, 99% used [0x00000000c3c00000,0x00000000c6d05dd8,0x00000000c6d80000)
 Metaspace       used 14035K, capacity 14266K, committed 14464K, reserved 1062912K
  class space    used 1484K, capacity 1575K, committed 1664K, reserved 1048576K
}
Event: 3916.099 GC heap before
{Heap before GC invocations=9 (full 1):
 PSYoungGen      total 124928K, used 12784K [0x00000000ebf00000, 0x00000000f7100000, 0x0000000100000000)
  eden space 112128K, 0% used [0x00000000ebf00000,0x00000000ebf00000,0x00000000f2c80000)
  from space 12800K, 99% used [0x00000000f4780000,0x00000000f53fc030,0x00000000f5400000)
  to   space 27648K, 0% used [0x00000000f2c80000,0x00000000f2c80000,0x00000000f4780000)
 ParOldGen       total 50688K, used 50199K [0x00000000c3c00000, 0x00000000c6d80000, 0x00000000ebf00000)
  object space 50688K, 99% used [0x00000000c3c00000,0x00000000c6d05dd8,0x00000000c6d80000)
 Metaspace       used 14035K, capacity 14266K, committed 14464K, reserved 1062912K
  class space    used 1484K, capacity 1575K, committed 1664K, reserved 1048576K

